C:\USERS\JEFFREY HOA\DESKTOP\CODE-Z5004703\RELEASE\TRACKINGOBJ.OBJ
C:\USERS\JEFFREY HOA\DESKTOP\CODE-Z5004703\RELEASE\KLTTRACKINGOBJ.OBJ
C:\USERS\JEFFREY HOA\DESKTOP\CODE-Z5004703\RELEASE\VIEWMODEL.OBJ
C:\USERS\JEFFREY HOA\DESKTOP\CODE-Z5004703\RELEASE\VISUALWORDS.OBJ
C:\USERS\JEFFREY HOA\DESKTOP\CODE-Z5004703\RELEASE\IMAGEDB.OBJ
C:\USERS\JEFFREY HOA\DESKTOP\CODE-Z5004703\RELEASE\CONTROLOR.OBJ
C:\USERS\JEFFREY HOA\DESKTOP\CODE-Z5004703\RELEASE\MAIN.OBJ
C:\USERS\JEFFREY HOA\DESKTOP\CODE-Z5004703\RELEASE\GUIAR.OBJ
C:\USERS\JEFFREY HOA\DESKTOP\CODE-Z5004703\RELEASE\COMMONCVFUNCTIONS.OBJ
C:\USERS\JEFFREY HOA\DESKTOP\CODE-Z5004703\RELEASE\VC110.PDB
C:\USERS\JEFFREY HOA\DESKTOP\CODE\RELEASE\TRACKINGOBJ.OBJ
C:\USERS\JEFFREY HOA\DESKTOP\CODE\RELEASE\KLTTRACKINGOBJ.OBJ
C:\USERS\JEFFREY HOA\DESKTOP\CODE\RELEASE\VIEWMODEL.OBJ
C:\USERS\JEFFREY HOA\DESKTOP\CODE\RELEASE\VISUALWORDS.OBJ
C:\USERS\JEFFREY HOA\DESKTOP\CODE\RELEASE\IMAGEDB.OBJ
C:\USERS\JEFFREY HOA\DESKTOP\CODE\RELEASE\CONTROLOR.OBJ
C:\USERS\JEFFREY HOA\DESKTOP\CODE\RELEASE\MAIN.OBJ
C:\USERS\JEFFREY HOA\DESKTOP\CODE\RELEASE\GUIAR.OBJ
C:\USERS\JEFFREY HOA\DESKTOP\CODE\RELEASE\COMMONCVFUNCTIONS.OBJ
C:\USERS\JEFFREY HOA\DESKTOP\CODE\RELEASE\VC110.PDB
C:\USERS\JEFFREY HOA\DESKTOP\CODE-Z5004703\BIN\AR.EXE
C:\USERS\JEFFREY HOA\DESKTOP\CODE-Z5004703\BIN\AR.PDB
C:\USERS\JEFFREY HOA\DESKTOP\CODE\BIN\AR.EXE
C:\USERS\JEFFREY HOA\DESKTOP\CODE\BIN\AR.PDB
C:\Users\Jeffrey Hoa\Desktop\code\Release\commonCvFunctions.obj
C:\Users\Jeffrey Hoa\Desktop\code\Release\controlOR.obj
C:\Users\Jeffrey Hoa\Desktop\code\Release\guiAR.obj
C:\Users\Jeffrey Hoa\Desktop\code\Release\imageDB.obj
C:\Users\Jeffrey Hoa\Desktop\code\Release\kltTrackingOBJ.obj
C:\Users\Jeffrey Hoa\Desktop\code\Release\main.obj
C:\Users\Jeffrey Hoa\Desktop\code\Release\trackingOBJ.obj
C:\Users\Jeffrey Hoa\Desktop\code\Release\viewModel.obj
C:\Users\Jeffrey Hoa\Desktop\code\Release\visualWords.obj
C:\Users\Jeffrey Hoa\Desktop\code\Release\cl.command.1.tlog
C:\Users\Jeffrey Hoa\Desktop\code\Release\CL.read.1.tlog
C:\Users\Jeffrey Hoa\Desktop\code\Release\CL.write.1.tlog
C:\Users\Jeffrey Hoa\Desktop\code\Release\link-cvtres.read.1.tlog
C:\Users\Jeffrey Hoa\Desktop\code\Release\link-cvtres.write.1.tlog
C:\Users\Jeffrey Hoa\Desktop\code\Release\link-rc.read.1.tlog
C:\Users\Jeffrey Hoa\Desktop\code\Release\link-rc.write.1.tlog
C:\Users\Jeffrey Hoa\Desktop\code\Release\link.command.1.tlog
C:\Users\Jeffrey Hoa\Desktop\code\Release\link.read.1.tlog
C:\Users\Jeffrey Hoa\Desktop\code\Release\link.read.3.tlog
C:\Users\Jeffrey Hoa\Desktop\code\Release\link.read.4.tlog
C:\Users\Jeffrey Hoa\Desktop\code\Release\link.write.1.tlog
C:\Users\Jeffrey Hoa\Desktop\code\Release\vc110.pdb
C:\Users\Jeffrey Hoa\Desktop\code\\bin\AR.pdb
C:\Users\Jeffrey Hoa\Desktop\code\\bin\AR.exe
